<?xml version="1.0" encoding="UTF-8"?>
<!-- Generated by org.testng.reporters.JUnitReportReporter -->
<testsuite hostname="LTIN531917" failures="0" tests="2" name="test.CarLoanTest" time="2.983" errors="0" timestamp="2025-07-14T17:52:11 IST" skipped="0">
  <testcase classname="test.CarLoanTest" name="carLoanDataPassing" time="2.574"/>
  <system-out/>
  <testcase classname="test.CarLoanTest" name="carLoanTest" time="0.409"/>
  <system-out/>
</testsuite> <!-- test.CarLoanTest -->
