<?xml version="1.0" encoding="UTF-8"?>
<!-- Generated by org.testng.reporters.JUnitReportReporter -->
<testsuite hostname="LTIN531917" failures="0" tests="1" name="test.CarLoanTest" time="3.468" errors="0" timestamp="2025-07-15T14:31:39 IST" skipped="0">
  <testcase classname="test.CarLoanTest" name="carLoanDataPassing" time="3.468"/>
  <system-out/>
</testsuite> <!-- test.CarLoanTest -->
