<?xml version="1.0" encoding="UTF-8"?>
<!-- Generated by org.testng.reporters.JUnitReportReporter -->
<testsuite hostname="LTIN531917" failures="0" tests="3" name="test.RunTest" time="28.362" errors="0" timestamp="2025-07-14T13:59:08 IST" skipped="0">
  <testcase classname="test.RunTest" name="carLoanDataPassing" time="1.409"/>
  <system-out/>
  <testcase classname="test.RunTest" name="homeLoanTest" time="26.540"/>
  <system-out/>
  <testcase classname="test.RunTest" name="carLoanTest" time="0.413"/>
  <system-out/>
</testsuite> <!-- test.RunTest -->
