<?xml version="1.0" encoding="UTF-8"?>
<!-- Generated by org.testng.reporters.JUnitReportReporter -->
<testsuite hostname="LTIN531917" failures="0" tests="2" name="test.HomeLoanTest" time="26.831" errors="0" timestamp="2025-07-14T17:52:11 IST" skipped="0">
  <testcase classname="test.HomeLoanTest" name="homeLoanTest" time="6.665"/>
  <system-out/>
  <testcase classname="test.HomeLoanTest" name="homeLoanData1" time="20.166"/>
  <system-out/>
</testsuite> <!-- test.HomeLoanTest -->
