<?xml version="1.0" encoding="UTF-8"?>
<!-- Generated by org.testng.reporters.JUnitReportReporter -->
<testsuite hostname="LTIN531917" failures="0" tests="2" name="test.HomeLoanTest" time="36.704" errors="0" timestamp="2025-07-15T14:31:39 IST" skipped="0">
  <testcase classname="test.HomeLoanTest" name="homeLoanTest" time="9.521"/>
  <system-out/>
  <testcase classname="test.HomeLoanTest" name="homeLoanData1" time="27.183"/>
  <system-out/>
</testsuite> <!-- test.HomeLoanTest -->
