<?xml version="1.0" encoding="UTF-8"?>
<!-- Generated by org.testng.reporters.JUnitReportReporter -->
<testsuite hostname="LTIN531917" failures="0" tests="2" name="test.CarLoanTest" time="1.798" errors="0" timestamp="2025-07-14T18:00:56 IST" skipped="0">
  <testcase classname="test.CarLoanTest" name="carLoanDataPassing" time="1.371"/>
  <system-out/>
  <testcase classname="test.CarLoanTest" name="carLoanTest" time="0.427"/>
  <system-out/>
</testsuite> <!-- test.CarLoanTest -->
