<?xml version="1.0" encoding="UTF-8"?>
<!-- Generated by org.testng.reporters.JUnitReportReporter -->
<testsuite hostname="LTIN531917" failures="0" tests="2" name="test.HomeLoanTest" time="39.914" errors="0" timestamp="2025-07-14T22:33:16 IST" skipped="0">
  <testcase classname="test.HomeLoanTest" name="homeLoanTest" time="13.328"/>
  <system-out/>
  <testcase classname="test.HomeLoanTest" name="homeLoanData1" time="26.586"/>
  <system-out/>
</testsuite> <!-- test.HomeLoanTest -->
