<?xml version="1.0" encoding="UTF-8"?>
<!-- Generated by org.testng.reporters.JUnitReportReporter -->
<testsuite hostname="LTIN531917" failures="0" tests="2" name="test.HomeLoanTest" time="26.599" errors="0" timestamp="2025-07-14T18:00:56 IST" skipped="0">
  <testcase classname="test.HomeLoanTest" name="homeLoanTest" time="6.514"/>
  <system-out/>
  <testcase classname="test.HomeLoanTest" name="homeLoanData1" time="20.085"/>
  <system-out/>
</testsuite> <!-- test.HomeLoanTest -->
